[READ] ../../vcf/uc.ichip.vcf.gz.q [1 of 4]
[READ] ../../vcf/cd-seq.vcf.gz.q [2 of 4]
[READ] ../../vcf/uc-seq.vcf.gz.q [3 of 4]
[READ] ../../vcf/cd.ichip.vcf.gz.q [4 of 4]
[SRCH] Chr:1
[SRCH] Chr:2
[SRCH] Chr:3
[SRCH] Chr:4
[SRCH] Chr:5
[SRCH] Chr:7
[SRCH] Chr:8
[SRCH] Chr:9
[SRCH] Chr:10
[SRCH] Chr:11
[SRCH] Chr:12
[SRCH] Chr:13
[SRCH] Chr:14
[SRCH] Chr:15
[SRCH] Chr:16
[SRCH] Chr:17
[SRCH] Chr:18
[SRCH] Chr:19
[SRCH] Chr:20
[SRCH] Chr:21
[SRCH] Chr:22
WND	GWAS	iCHIP	CHR	POSITIONS
234	297	470	1	 117000001 -  118000001
1074	294	1540	3	  46000001 -   47000001
3125	298	310	10	  60000001 -   61000001
5222	294	336	21	  16500001 -   17500001
880	293	344	2	 191500001 -  192500001
3560	299	772	12	   9000001 -   10000001
4407	299	512	15	  78500001 -   79500001
1036	292	300	3	  27000001 -   28000001
2734	300	515	9	   5000001 -    6000001
3426	300	486	11	  76000001 -   77000001
15	291	1029	1	   7500001 -    8500001
365	301	487	1	 182500001 -  183500001
3415	301	419	11	  70500001 -   71500001
1581	290	802	4	 102500001 -  103500001
3184	302	449	10	  89500001 -   90500001
3554	290	403	12	   6000001 -    7000001
1580	289	603	4	 102000001 -  103000001
414	288	346	1	 207000001 -  208000001
1948	288	1297	5	  96000001 -   97000001
2055	304	1377	5	 149500001 -  150500001
2215	288	622	7	  49500001 -   50500001
384	287	827	1	 192000001 -  193000001
959	306	406	2	 231000001 -  232000001
4214	286	393	14	  88500001 -   89500001
320	307	620	1	 160000001 -  161000001
703	307	669	2	 103000001 -  104000001
1037	307	497	3	  27500001 -   28500001
1220	285	487	3	 119000001 -  120000001
4212	285	777	14	  87500001 -   88500001
3076	308	557	10	  35500001 -   36500001
5280	284	349	21	  45500001 -   46500001
344	309	482	1	 172000001 -  173000001
2972	310	337	9	 124000001 -  125000001
1219	311	484	3	 118500001 -  119500001
5151	281	570	20	  43000001 -   44000001
5161	281	566	20	  48000001 -   49000001
233	312	454	1	 116500001 -  117500001
1098	279	900	3	  58000001 -   59000001
697	278	1397	2	 100000001 -  101000001
3394	314	336	11	  60000001 -   61000001
1836	315	1147	5	  40000001 -   41000001
3124	315	759	10	  59500001 -   60500001
5153	315	884	20	  44000001 -   45000001
397	276	683	1	 198500001 -  199500001
859	276	576	2	 181000001 -  182000001
2072	316	675	5	 158000001 -  159000001
4326	316	359	15	  38000001 -   39000001
2330	317	369	7	 107000001 -  108000001
4198	275	1221	14	  80500001 -   81500001
701	318	1928	2	 102000001 -  103000001
964	274	715	2	 233500001 -  234500001
3658	318	972	12	  58000001 -   59000001
5150	319	429	20	  42500001 -   43500001
385	272	305	1	 192500001 -  193500001
413	320	738	1	 206500001 -  207500001
958	272	406	2	 230500001 -  231500001
3622	320	1916	12	  40000001 -   41000001
3897	320	381	13	  44500001 -   45500001
4213	320	1165	14	  88000001 -   89000001
1620	321	379	4	 122000001 -  123000001
2169	321	1316	7	  26500001 -   27500001
627	323	671	2	  65000001 -   66000001
4602	269	738	16	  74500001 -   75500001
700	268	401	2	 101500001 -  102500001
184	266	1008	1	  92000001 -   93000001
485	326	462	1	 242500001 -  243500001
3129	326	1454	10	  62000001 -   63000001
5059	266	317	19	  55500001 -   56500001
202	327	905	1	 101000001 -  102000001
1837	265	537	5	  40500001 -   41500001
1947	328	1326	5	  95500001 -   96500001
3133	329	618	10	  64000001 -   65000001
304	331	559	1	 152000001 -  153000001
5152	331	394	20	  43500001 -   44500001
